#
# A fatal error has been detected by the Java Runtime Environment:
#
#  SIGSEGV (0xb) at pc=0x0000000105ceb09e, pid=1015, tid=0x0000000000000307
#
# JRE version: Java(TM) SE Runtime Environment (8.0_281-b09) (build 1.8.0_281-b09)
# Java VM: Java HotSpot(TM) 64-Bit Server VM (25.281-b09 mixed mode bsd-amd64 compressed oops)
# Problematic frame:
# C  [rsession+0x7f609e]  rstudio_boost::asio::placeholders::bytes_transferred()+0x1741ee
#
# Failed to write core dump. Core dumps have been disabled. To enable core dumping, try "ulimit -c unlimited" before starting Java again
#
# If you would like to submit a bug report, please visit:
#   http://bugreport.java.com/bugreport/crash.jsp
# The crash happened outside the Java Virtual Machine in native code.
# See problematic frame for where to report the bug.
#

---------------  T H R E A D  ---------------

Current thread (0x00007fc9eceb8800):  JavaThread "main" [_thread_in_native, id=775, stack(0x00007ffee9f0b000,0x00007ffeea70b000)]

siginfo: si_signo: 11 (SIGSEGV), si_code: 1 (SEGV_MAPERR), si_addr: 0x0000000000000000

Registers:
RAX=0x0000000000000002, RBX=0x0000000000000000, RCX=0x0000000000000000, RDX=0x0000000000000008
RSP=0x00007ffeea707db0, RBP=0x00007ffeea707e50, RSI=0x00007fc9eaf9df20, RDI=0x00007fc9eae05af0
R8 =0x0000000000002f0c, R9 =0xffffffff00000000, R10=0x00007fc9eae05b08, R11=0x0000000000017660
R12=0x00007fc9eae05810, R13=0x0000000000000000, R14=0x00007ffeea707e68, R15=0x00007fc9eaf9df20
RIP=0x0000000105ceb09e, EFLAGS=0x0000000000010246, ERR=0x0000000000000006
  TRAPNO=0x000000000000000e

Top of Stack: (sp=0x00007ffeea707db0)
0x00007ffeea707db0:   00007fc9eae05af0 00007fff88ad4000
0x00007ffeea707dc0:   00007ffeea707e00 00007fff20181dfe
0x00007ffeea707dd0:   00007fc9f45a0450 00007ffeea707e68
0x00007ffeea707de0:   0000000000000030 0000000000000000
0x00007ffeea707df0:   0000000000000024 00007fc9f45112d0
0x00007ffeea707e00:   00007ffeea707e20 00007fff20307daa
0x00007ffeea707e10:   00007fc9f45a0450 00007ffeea707f48
0x00007ffeea707e20:   00007ffeea707e50 00007ffeea707ea8
0x00007ffeea707e30:   00007fc9eae05810 0000000000000000
0x00007ffeea707e40:   00007ffeea707fc0 00007fc9eafa4c80
0x00007ffeea707e50:   00007ffeea707fb0 0000000105cebe1c
0x00007ffeea707e60:   f6b88000c0001000 0000000000000002
0x00007ffeea707e70:   00007fc9e57082e0 00007fc9f45a0450
0x00007ffeea707e80:   0000000000000001 0000000000000000
0x00007ffeea707e90:   00007fc9eaf00000 00000000000de2c0
0x00007ffeea707ea0:   0000000000000001 0000000000000000
0x00007ffeea707eb0:   0000000106c66080 00000000000de280
0x00007ffeea707ec0:   0000000000000003 0000000000000000
0x00007ffeea707ed0:   0000000000000030 0000000000000000
0x00007ffeea707ee0:   0000000000000000 0000000000000000
0x00007ffeea707ef0:   00007ffeea707f20 00007fff20168793
0x00007ffeea707f00:   0000000000000030 0000000000000000
0x00007ffeea707f10:   0000000000000001 00007fff88ad4000
0x00007ffeea707f20:   00007ffeea707f60 0000000000000000
0x00007ffeea707f30:   00000001060c7cc0 0000000000000030
0x00007ffeea707f40:   0000000000000030 0000000000000031
0x00007ffeea707f50:   0000000000000024 00007fc9f4528930
0x00007ffeea707f60:   00007fc9e1940090 00007fff20307daa
0x00007ffeea707f70:   00000001060c7cc0 0000000000000031
0x00007ffeea707f80:   0000000000000024 00007fc9f45112d0
0x00007ffeea707f90:   00007fc9e1940090 00007fc9eae05830
0x00007ffeea707fa0:   00007ffeea707fc0 00007fc9eafa4c80 

Instructions: (pc=0x0000000105ceb09e)
0x0000000105ceb07e:   48 03 1d 3b 46 3f 00 48 89 d9 48 c1 e9 04 83 e3
0x0000000105ceb08e:   0f 48 c1 e3 08 48 03 1c c8 eb 02 31 db 41 8b 06
0x0000000105ceb09e:   89 03 49 8b 46 08 48 89 43 08 49 8b 46 10 48 89
0x0000000105ceb0ae:   43 10 48 85 c0 74 05 f0 48 ff 40 08 41 8a 46 18 

Register to memory mapping:

RAX=0x0000000000000002 is an unknown value
RBX=0x0000000000000000 is an unknown value
RCX=0x0000000000000000 is an unknown value
RDX=0x0000000000000008 is an unknown value
RSP=0x00007ffeea707db0 is pointing into the stack for thread: 0x00007fc9eceb8800
RBP=0x00007ffeea707e50 is pointing into the stack for thread: 0x00007fc9eceb8800
RSI=0x00007fc9eaf9df20 is an unknown value
RDI=0x00007fc9eae05af0 is an unknown value
R8 =0x0000000000002f0c is an unknown value
R9 =0xffffffff00000000 is an unknown value
R10=0x00007fc9eae05b08 is an unknown value
R11=0x0000000000017660 is an unknown value
R12=0x00007fc9eae05810 is an unknown value
R13=0x0000000000000000 is an unknown value
R14=0x00007ffeea707e68 is pointing into the stack for thread: 0x00007fc9eceb8800
R15=0x00007fc9eaf9df20 is an unknown value


Stack: [0x00007ffee9f0b000,0x00007ffeea70b000],  sp=0x00007ffeea707db0,  free space=8179k
Native frames: (J=compiled Java code, j=interpreted, Vv=VM code, C=native code)
C  [rsession+0x7f609e]  rstudio_boost::asio::placeholders::bytes_transferred()+0x1741ee
C  [rsession+0x7f6e1c]  rstudio_boost::asio::placeholders::bytes_transferred()+0x174f6c
C  [rsession+0x606c4d]  rstudio_boost::asio::execution_context::service* rstudio_boost::asio::detail::service_registry::create<rstudio_boost::asio::detail::reactive_socket_service<rstudio_boost::asio::local::stream_protocol>, rstudio_boost::asio::io_context>(void*)+0x45500d
C  [rsession+0x606a99]  rstudio_boost::asio::execution_context::service* rstudio_boost::asio::detail::service_registry::create<rstudio_boost::asio::detail::reactive_socket_service<rstudio_boost::asio::local::stream_protocol>, rstudio_boost::asio::io_context>(void*)+0x454e59
C  [rsession+0x63bf7a]  rstudio_boost::asio::execution_context::service* rstudio_boost::asio::detail::service_registry::create<rstudio_boost::asio::detail::reactive_socket_service<rstudio_boost::asio::local::stream_protocol>, rstudio_boost::asio::io_context>(void*)+0x48a33a
C  [rsession+0x4496fb]  rstudio_boost::asio::execution_context::service* rstudio_boost::asio::detail::service_registry::create<rstudio_boost::asio::detail::reactive_socket_service<rstudio_boost::asio::local::stream_protocol>, rstudio_boost::asio::io_context>(void*)+0x297abb
C  [libsystem_c.dylib+0x5aca7]  __cxa_finalize_ranges+0x13c
C  [libsystem_c.dylib+0x5af92]  exit+0x35
C  [libX11.6.dylib+0x24598]  _XDefaultError+0x0
C  [libX11.6.dylib+0x23b1c]  _XIOError+0x51
C  [libX11.6.dylib+0x217be]  _XSend+0x0
C  [libX11.6.dylib+0x63be]  XFlush+0x22
C  [libtk8.6.dylib+0xafd67]  DisplaySetupProc+0x33
C  [libtcl8.6.dylib+0xbf786]  Tcl_DoOneEvent+0xed
C  [tcltk.so+0x569a]  TclSpinLoop+0x1a
C  [libR.dylib+0x7220d]  R_ToplevelExec+0x27d
C  [tcltk.so+0x5667]  TclHandler+0x37
C  [libR.dylib+0x207057]  R_ProcessEvents+0x37
C  [rsession+0x8da189]  rstudio_boost::asio::detail::descriptor_write_op_base<rstudio_boost::asio::const_buffers_1>::do_perform(rstudio_boost::asio::detail::reactor_op*)+0x9d969
C  [libR.dylib+0x7220d]  R_ToplevelExec+0x27d
C  [rsession+0x8767cd]  rstudio_boost::asio::detail::descriptor_write_op_base<rstudio_boost::asio::const_buffers_1>::do_perform(rstudio_boost::asio::detail::reactor_op*)+0x39fad
C  [rsession+0x10150d]  rstudio_boost::asio::detail::reactive_socket_accept_op_base<rstudio_boost::asio::basic_socket<rstudio_boost::asio::ip::tcp>, rstudio_boost::asio::ip::tcp>::do_perform(rstudio_boost::asio::detail::reactor_op*)+0x3c53d
C  [rsession+0x32a7d]
[error occurred during error reporting (printing native stack), id 0xe0000000]


---------------  P R O C E S S  ---------------

Java Threads: ( => current thread )
  0x00007fc9cbb1d000 JavaThread "Service Thread" daemon [_thread_blocked, id=22787, stack(0x00007000110b9000,0x00007000112b9000)]
  0x00007fc9ee01a800 JavaThread "C1 CompilerThread2" daemon [_thread_blocked, id=22531, stack(0x0000700010fb6000,0x00007000110b6000)]
  0x00007fc9ee01f800 JavaThread "C2 CompilerThread1" daemon [_thread_blocked, id=22019, stack(0x0000700010eb3000,0x0000700010fb3000)]
  0x00007fc9eeb01800 JavaThread "C2 CompilerThread0" daemon [_thread_blocked, id=16131, stack(0x0000700010db0000,0x0000700010eb0000)]
  0x00007fc9d1be5000 JavaThread "Finalizer" daemon [_thread_blocked, id=18435, stack(0x0000700010927000,0x0000700010b27000)]
  0x00007fc9d1ff8000 JavaThread "Reference Handler" daemon [_thread_blocked, id=18947, stack(0x0000700010724000,0x0000700010924000)]
=>0x00007fc9eceb8800 JavaThread "main" [_thread_in_native, id=775, stack(0x00007ffee9f0b000,0x00007ffeea70b000)]

Other Threads:
  0x00007fc9cc7f4000 VMThread [stack: 0x0000700010621000,0x0000700010721000] [id=19203]
  0x00007fc9cc53e000 WatcherThread [stack: 0x00007000112bc000,0x00007000113bc000] [id=43011]

VM state:not at safepoint (normal execution)

VM Mutex/Monitor currently owned by a thread: None

heap address: 0x00000007a0000000, size: 512 MB, Compressed Oops mode: Zero based, Oop shift amount: 3
Narrow klass base: 0x0000000000000000, Narrow klass shift: 3
Compressed class space size: 1073741824 Address: 0x00000007c0000000

Heap:
 PSYoungGen      total 38400K, used 2124K [0x00000007b5580000, 0x00000007b8000000, 0x00000007c0000000)
  eden space 33280K, 6% used [0x00000007b5580000,0x00000007b5793358,0x00000007b7600000)
  from space 5120K, 0% used [0x00000007b7b00000,0x00000007b7b00000,0x00000007b8000000)
  to   space 5120K, 0% used [0x00000007b7600000,0x00000007b7600000,0x00000007b7b00000)
 ParOldGen       total 87552K, used 0K [0x00000007a0000000, 0x00000007a5580000, 0x00000007b5580000)
  object space 87552K, 0% used [0x00000007a0000000,0x00000007a0000000,0x00000007a5580000)
 Metaspace       used 2549K, capacity 4634K, committed 4864K, reserved 1056768K
  class space    used 276K, capacity 390K, committed 512K, reserved 1048576K

Card table byte_map: [0x000000010c1c3000,0x000000010c2c4000] byte_map_base: 0x00000001084c3000

Marking Bits: (ParMarkBitMap*) 0x000000010b728488
 Begin Bits: [0x000000011c204000, 0x000000011ca04000)
 End Bits:   [0x000000011ca04000, 0x000000011d204000)

Polling page: 0x0000000108f89000

CodeCache: size=245760Kb used=1112Kb max_used=1123Kb free=244647Kb
 bounds [0x000000010d204000, 0x000000010d474000, 0x000000011c204000]
 total_blobs=260 nmethods=32 adapters=143
 compilation: enabled

Compilation events (10 events):
Event: 0.282 Thread 0x00007fc9ee01a800   28       3       java.lang.StringBuilder::append (8 bytes)
Event: 0.282 Thread 0x00007fc9ee01a800 nmethod 28 0x000000010d318e50 code [0x000000010d318fc0, 0x000000010d319148]
Event: 0.285 Thread 0x00007fc9ee01a800   29       3       java.lang.CharacterData::of (120 bytes)
Event: 0.285 Thread 0x00007fc9ee01a800 nmethod 29 0x000000010d3191d0 code [0x000000010d319380, 0x000000010d319930]
Event: 0.285 Thread 0x00007fc9ee01a800   30       3       java.lang.CharacterDataLatin1::getProperties (11 bytes)
Event: 0.285 Thread 0x00007fc9ee01a800 nmethod 30 0x000000010d319b90 code [0x000000010d319d00, 0x000000010d319e90]
Event: 0.288 Thread 0x00007fc9eeb01800   31       4       java.lang.String::charAt (29 bytes)
Event: 0.289 Thread 0x00007fc9eeb01800 nmethod 31 0x000000010d31cc50 code [0x000000010d31cda0, 0x000000010d31ce78]
Event: 0.423 Thread 0x00007fc9ee01a800   32       1       java.io.File::getPath (5 bytes)
Event: 0.423 Thread 0x00007fc9ee01a800 nmethod 32 0x000000010d31c990 code [0x000000010d31cae0, 0x000000010d31cbf0]

GC Heap History (0 events):
No events

Deoptimization events (0 events):
No events

Classes redefined (0 events):
No events

Internal exceptions (2 events):
Event: 0.138 Thread 0x00007fc9eceb8800 Exception <a 'java/lang/NoSuchMethodError': Method sun.misc.Unsafe.defineClass(Ljava/lang/String;[BII)Ljava/lang/Class; name or signature does not match> (0x00000007b5587cc0) thrown at [/jenkins/workspace/8-2-build-macosx-x86_64/jdk8u281/880/hotspot/src/s
Event: 0.138 Thread 0x00007fc9eceb8800 Exception <a 'java/lang/NoSuchMethodError': Method sun.misc.Unsafe.prefetchRead(Ljava/lang/Object;J)V name or signature does not match> (0x00000007b5587fa8) thrown at [/jenkins/workspace/8-2-build-macosx-x86_64/jdk8u281/880/hotspot/src/share/vm/prims/jni.

Events (10 events):
Event: 0.284 loading class java/lang/NoSuchFieldException done
Event: 0.285 loading class RJavaImport
Event: 0.285 loading class RJavaImport done
Event: 0.288 loading class java/net/MalformedURLException
Event: 0.289 loading class java/io/IOException
Event: 0.289 loading class java/io/IOException done
Event: 0.289 loading class java/net/MalformedURLException done
Event: 4.283 Executing VM operation: EnableBiasedLocking
Event: 4.283 Executing VM operation: EnableBiasedLocking done
Event: 180854.374 Thread 0x00007fc9ee060000 Thread exited: 0x00007fc9ee060000


Dynamic libraries:
0x000000010615e000 	/Library/Frameworks/R.framework/Versions/4.0/Resources/lib/libR.dylib
0x00007fff22c12000 	/System/Library/Frameworks/AppKit.framework/Versions/C/AppKit
0x00007fff33182000 	/System/Library/Frameworks/ApplicationServices.framework/Versions/A/ApplicationServices
0x00007fff203b8000 	/System/Library/Frameworks/CoreFoundation.framework/Versions/A/CoreFoundation
0x00007fff21162000 	/System/Library/Frameworks/Foundation.framework/Versions/C/Foundation
0x00007fff22b0c000 	/System/Library/Frameworks/IOKit.framework/Versions/A/IOKit
0x00007fff221ee000 	/System/Library/Frameworks/Security.framework/Versions/A/Security
0x00007fff29cf9000 	/usr/lib/libbsm.0.dylib
0x00007fff2a523000 	/usr/lib/libSystem.B.dylib
0x00007fff2a45b000 	/usr/lib/libz.1.dylib
0x00007fff2feee000 	/System/Library/Frameworks/CoreServices.framework/Versions/A/CoreServices
0x000000010664d000 	/Applications/RStudio.app/Contents/Frameworks/libssl.1.1.dylib
0x00000001066cc000 	/Applications/RStudio.app/Contents/Frameworks/libcrypto.1.1.dylib
0x00007fff2029d000 	/usr/lib/libc++.1.dylib
0x00007fff24f09000 	/System/Library/Frameworks/CoreGraphics.framework/Versions/A/CoreGraphics
0x00007fff21960000 	/System/Library/Frameworks/CoreText.framework/Versions/A/CoreText
0x00007fff201d8000 	/usr/lib/libobjc.A.dylib
0x00007fff2396f000 	/System/Library/PrivateFrameworks/UIFoundation.framework/Versions/A/UIFoundation
0x00007fff2fb65000 	/System/Library/PrivateFrameworks/RemoteViewServices.framework/Versions/A/RemoteViewServices
0x00007fff28987000 	/System/Library/PrivateFrameworks/XCTTargetBootstrap.framework/Versions/A/XCTTargetBootstrap
0x00007fff2b662000 	/usr/lib/libspindump.dylib
0x00007fff23bc3000 	/System/Library/Frameworks/UniformTypeIdentifiers.framework/Versions/A/UniformTypeIdentifiers
0x00007fff27159000 	/usr/lib/libapp_launch_measurement.dylib
0x00007fff2715c000 	/System/Library/PrivateFrameworks/CoreAutoLayout.framework/Versions/A/CoreAutoLayout
0x00007fff282e8000 	/System/Library/Frameworks/Metal.framework/Versions/A/Metal
0x00007fff28fd6000 	/usr/lib/liblangid.dylib
0x00007fff2898b000 	/System/Library/PrivateFrameworks/CoreSVG.framework/Versions/A/CoreSVG
0x00007fff24baa000 	/System/Library/PrivateFrameworks/SkyLight.framework/Versions/A/SkyLight
0x00007fff301bc000 	/System/Library/Frameworks/Accelerate.framework/Versions/A/Accelerate
0x00007fff2b09d000 	/System/Library/PrivateFrameworks/IconServices.framework/Versions/A/IconServices
0x00007fff282c9000 	/System/Library/Frameworks/IOSurface.framework/Versions/A/IOSurface
0x00007fff26423000 	/usr/lib/libDiagnosticMessagesClient.dylib
0x00007fff28973000 	/System/Library/PrivateFrameworks/DFRFoundation.framework/Versions/A/DFRFoundation
0x00007fff2253e000 	/usr/lib/libicucore.A.dylib
0x00007fff2cb9f000 	/System/Library/Frameworks/AudioToolbox.framework/Versions/A/AudioToolbox
0x00007fff25a9b000 	/System/Library/Frameworks/CoreData.framework/Versions/A/CoreData
0x00007fff2be4a000 	/System/Library/PrivateFrameworks/DataDetectorsCore.framework/Versions/A/DataDetectorsCore
0x00007fff28673000 	/System/Library/Frameworks/Carbon.framework/Versions/A/Frameworks/HIToolbox.framework/Versions/A/HIToolbox
0x00007fff26bbc000 	/System/Library/Frameworks/QuartzCore.framework/Versions/A/QuartzCore
0x00007fff2fba1000 	/System/Library/Frameworks/Carbon.framework/Versions/A/Frameworks/SpeechRecognition.framework/Versions/A/SpeechRecognition
0x00007fff26ec1000 	/System/Library/PrivateFrameworks/CoreUI.framework/Versions/A/CoreUI
0x00007fff21b4a000 	/System/Library/Frameworks/CoreAudio.framework/Versions/A/CoreAudio
0x00007fff2650e000 	/System/Library/Frameworks/DiskArbitration.framework/Versions/A/DiskArbitration
0x00007fff2ba5b000 	/System/Library/PrivateFrameworks/MultitouchSupport.framework/Versions/A/MultitouchSupport
0x00007fff2be41000 	/System/Library/PrivateFrameworks/InternationalSupport.framework/Versions/A/InternationalSupport
0x00007fff24b1e000 	/usr/lib/libenergytrace.dylib
0x00007fff270ef000 	/System/Library/PrivateFrameworks/PerformanceAnalysis.framework/Versions/A/PerformanceAnalysis
0x00007fff6b3d6000 	/System/Library/Frameworks/OpenGL.framework/Versions/A/OpenGL
0x00007fff2bec6000 	/System/Library/PrivateFrameworks/UserActivity.framework/Versions/A/UserActivity
0x00007fff2559d000 	/System/Library/Frameworks/ColorSync.framework/Versions/A/ColorSync
0x00007fff28bef000 	/System/Library/Frameworks/CoreImage.framework/Versions/A/CoreImage
0x00007fff289b5000 	/System/Library/Frameworks/ImageIO.framework/Versions/A/ImageIO
0x00007fff2a529000 	/System/Library/PrivateFrameworks/SoftLinking.framework/Versions/A/SoftLinking
0x00007fff271a5000 	/usr/lib/libxml2.2.dylib
0x00007fff2a79b000 	/usr/lib/libcompression.dylib
0x00007fff24b1f000 	/usr/lib/libMobileGestalt.dylib
0x00007fff2bd74000 	/System/Library/PrivateFrameworks/TextureIO.framework/Versions/A/TextureIO
0x00007fff2adc1000 	/usr/lib/libate.dylib
0x00007fff2a51d000 	/usr/lib/system/libcache.dylib
0x00007fff2a4d9000 	/usr/lib/system/libcommonCrypto.dylib
0x00007fff2a503000 	/usr/lib/system/libcompiler_rt.dylib
0x00007fff2a4f8000 	/usr/lib/system/libcopyfile.dylib
0x00007fff200ca000 	/usr/lib/system/libcorecrypto.dylib
0x00007fff20193000 	/usr/lib/system/libdispatch.dylib
0x00007fff20347000 	/usr/lib/system/libdyld.dylib
0x00007fff2a514000 	/usr/lib/system/libkeymgr.dylib
0x00007fff2d94e000 	/usr/lib/system/liblaunch.dylib
0x00007fff2a4b7000 	/usr/lib/system/libmacho.dylib
0x00007fff29cd2000 	/usr/lib/system/libquarantine.dylib
0x00007fff2a511000 	/usr/lib/system/libremovefile.dylib
0x00007fff24b7b000 	/usr/lib/system/libsystem_asl.dylib
0x00007fff2007a000 	/usr/lib/system/libsystem_blocks.dylib
0x00007fff20214000 	/usr/lib/system/libsystem_c.dylib
0x00007fff2a50b000 	/usr/lib/system/libsystem_collections.dylib
0x00007fff28fc7000 	/usr/lib/system/libsystem_configuration.dylib
0x00007fff282b8000 	/usr/lib/system/libsystem_containermanager.dylib
0x00007fff2a253000 	/usr/lib/system/libsystem_coreservices.dylib
0x00007fff227a0000 	/usr/lib/system/libsystem_darwin.dylib
0x00007fff2a515000 	/usr/lib/system/libsystem_dnssd.dylib
0x00007fff20211000 	/usr/lib/system/libsystem_featureflags.dylib
0x00007fff2038c000 	/usr/lib/system/libsystem_info.dylib
0x00007fff2a46e000 	/usr/lib/system/libsystem_m.dylib
0x00007fff20166000 	/usr/lib/system/libsystem_malloc.dylib
0x00007fff24b0f000 	/usr/lib/system/libsystem_networkextension.dylib
0x00007fff22bba000 	/usr/lib/system/libsystem_notify.dylib
0x00007fff2fdec000 	/usr/lib/system/libsystem_product_info_filter.dylib
0x00007fff28fcb000 	/usr/lib/system/libsystem_sandbox.dylib
0x00007fff2a50e000 	/usr/lib/system/libsystem_secinit.dylib
0x00007fff2030c000 	/usr/lib/system/libsystem_kernel.dylib
0x00007fff20382000 	/usr/lib/system/libsystem_platform.dylib
0x00007fff2033b000 	/usr/lib/system/libsystem_pthread.dylib
0x00007fff26271000 	/usr/lib/system/libsystem_symptoms.dylib
0x00007fff200b2000 	/usr/lib/system/libsystem_trace.dylib
0x00007fff2a4e5000 	/usr/lib/system/libunwind.dylib
0x00007fff2007c000 	/usr/lib/system/libxpc.dylib
0x00007fff202f3000 	/usr/lib/libc++abi.dylib
0x00007fff2a4f0000 	/usr/lib/liboah.dylib
0x00007fff2aba6000 	/usr/lib/liblzma.5.dylib
0x00007fff20e78000 	/System/Library/Frameworks/SystemConfiguration.framework/Versions/A/SystemConfiguration
0x00007fff2a525000 	/usr/lib/libfakelink.dylib
0x00007fff24671000 	/System/Library/Frameworks/CFNetwork.framework/Versions/A/CFNetwork
0x00007fff2a665000 	/usr/lib/libarchive.2.dylib
0x00007fff20ef5000 	/usr/lib/libCRFSuite.dylib
0x00007fff2402d000 	/usr/lib/libnetwork.dylib
0x00007fff2a52a000 	/usr/lib/libpcap.A.dylib
0x00007fff2626a000 	/usr/lib/libdns_services.dylib
0x00007fff2abbf000 	/usr/lib/libcoretls_cfhelpers.dylib
0x00007fff2a769000 	/usr/lib/libapple_nghttp2.dylib
0x00007fff2a4bd000 	/usr/lib/system/libkxld.dylib
0x00007fff25ed0000 	/usr/lib/libsqlite3.dylib
0x00007fff2a235000 	/System/Library/PrivateFrameworks/AppleFSCompression.framework/Versions/A/AppleFSCompression
0x00007fff29ce1000 	/usr/lib/libcoretls.dylib
0x00007fff2a796000 	/usr/lib/libpam.2.dylib
0x00007fff2acbc000 	/usr/lib/libxar.1.dylib
0x00007fff28fd2000 	/System/Library/PrivateFrameworks/AppleSystemInfo.framework/Versions/A/AppleSystemInfo
0x00007fff29924000 	/System/Library/PrivateFrameworks/IOMobileFramebuffer.framework/Versions/A/IOMobileFramebuffer
0x00007fff2a245000 	/usr/lib/libbz2.1.0.dylib
0x00007fff2a562000 	/usr/lib/libiconv.2.dylib
0x00007fff2a4b6000 	/usr/lib/libcharset.1.dylib
0x00007fff2712b000 	/System/Library/Frameworks/CoreServices.framework/Versions/A/Frameworks/FSEvents.framework/Versions/A/FSEvents
0x00007fff227aa000 	/System/Library/Frameworks/CoreServices.framework/Versions/A/Frameworks/CarbonCore.framework/Versions/A/CarbonCore
0x00007fff26473000 	/System/Library/Frameworks/CoreServices.framework/Versions/A/Frameworks/Metadata.framework/Versions/A/Metadata
0x00007fff2a258000 	/System/Library/Frameworks/CoreServices.framework/Versions/A/Frameworks/OSServices.framework/Versions/A/OSServices
0x00007fff2a6d7000 	/System/Library/Frameworks/CoreServices.framework/Versions/A/Frameworks/SearchKit.framework/Versions/A/SearchKit
0x00007fff261f4000 	/System/Library/Frameworks/CoreServices.framework/Versions/A/Frameworks/AE.framework/Versions/A/AE
0x00007fff20854000 	/System/Library/Frameworks/CoreServices.framework/Versions/A/Frameworks/LaunchServices.framework/Versions/A/LaunchServices
0x00007fff2ab57000 	/System/Library/Frameworks/CoreServices.framework/Versions/A/Frameworks/DictionaryServices.framework/Versions/A/DictionaryServices
0x00007fff27134000 	/System/Library/Frameworks/CoreServices.framework/Versions/A/Frameworks/SharedFileList.framework/Versions/A/SharedFileList
0x00007fff29cd5000 	/usr/lib/libCheckFix.dylib
0x00007fff24b92000 	/System/Library/PrivateFrameworks/TCC.framework/Versions/A/TCC
0x00007fff28fd8000 	/System/Library/PrivateFrameworks/CoreNLP.framework/Versions/A/CoreNLP
0x00007fff26426000 	/System/Library/PrivateFrameworks/MetadataUtilities.framework/Versions/A/MetadataUtilities
0x00007fff20f2b000 	/usr/lib/libmecabra.dylib
0x00007fff29fe8000 	/System/Library/Frameworks/MLCompute.framework/Versions/A/MLCompute
0x00007fff29d0a000 	/usr/lib/libmecab.dylib
0x00007fff29d54000 	/usr/lib/libgermantok.dylib
0x00007fff2a73f000 	/usr/lib/libThaiTokenizer.dylib
0x00007fff2acf7000 	/usr/lib/libChineseTokenizer.dylib
0x00007fff2a794000 	/System/Library/Frameworks/MetalPerformanceShaders.framework/Versions/A/MetalPerformanceShaders
0x00007fff26515000 	/System/Library/Frameworks/Accelerate.framework/Versions/A/Frameworks/vImage.framework/Versions/A/vImage
0x00007fff2fec7000 	/System/Library/Frameworks/Accelerate.framework/Versions/A/Frameworks/vecLib.framework/Versions/A/vecLib
0x00007fff2ad02000 	/System/Library/Frameworks/Accelerate.framework/Versions/A/Frameworks/vecLib.framework/Versions/A/libvMisc.dylib
0x00007fff2973d000 	/System/Library/Frameworks/Accelerate.framework/Versions/A/Frameworks/vecLib.framework/Versions/A/libvDSP.dylib
0x00007fff20b57000 	/System/Library/Frameworks/Accelerate.framework/Versions/A/Frameworks/vecLib.framework/Versions/A/libBLAS.dylib
0x00007fff2a7ba000 	/System/Library/Frameworks/Accelerate.framework/Versions/A/Frameworks/vecLib.framework/Versions/A/libLAPACK.dylib
0x00007fff29d5a000 	/System/Library/Frameworks/Accelerate.framework/Versions/A/Frameworks/vecLib.framework/Versions/A/libLinearAlgebra.dylib
0x00007fff2a781000 	/System/Library/Frameworks/Accelerate.framework/Versions/A/Frameworks/vecLib.framework/Versions/A/libSparseBLAS.dylib
0x00007fff2a7b4000 	/System/Library/Frameworks/Accelerate.framework/Versions/A/Frameworks/vecLib.framework/Versions/A/libQuadrature.dylib
0x00007fff29080000 	/System/Library/Frameworks/Accelerate.framework/Versions/A/Frameworks/vecLib.framework/Versions/A/libBNNS.dylib
0x00007fff20e09000 	/System/Library/Frameworks/Accelerate.framework/Versions/A/Frameworks/vecLib.framework/Versions/A/libSparse.dylib
0x00007fff28f6b000 	/System/Library/Frameworks/MetalPerformanceShaders.framework/Versions/A/Frameworks/MPSCore.framework/Versions/A/MPSCore
0x00007fff2a1a4000 	/System/Library/Frameworks/MetalPerformanceShaders.framework/Versions/A/Frameworks/MPSImage.framework/Versions/A/MPSImage
0x00007fff29d70000 	/System/Library/Frameworks/MetalPerformanceShaders.framework/Versions/A/Frameworks/MPSNeuralNetwork.framework/Versions/A/MPSNeuralNetwork
0x00007fff2a12f000 	/System/Library/Frameworks/MetalPerformanceShaders.framework/Versions/A/Frameworks/MPSMatrix.framework/Versions/A/MPSMatrix
0x00007fff29f98000 	/System/Library/Frameworks/MetalPerformanceShaders.framework/Versions/A/Frameworks/MPSRayIntersector.framework/Versions/A/MPSRayIntersector
0x00007fff2a166000 	/System/Library/Frameworks/MetalPerformanceShaders.framework/Versions/A/Frameworks/MPSNDArray.framework/Versions/A/MPSNDArray
0x00007fff20a83000 	/System/Library/PrivateFrameworks/MetalTools.framework/Versions/A/MetalTools
0x00007fff28fd0000 	/System/Library/PrivateFrameworks/AggregateDictionary.framework/Versions/A/AggregateDictionary
0x00007fff263fe000 	/System/Library/PrivateFrameworks/CoreAnalytics.framework/Versions/A/CoreAnalytics
0x00007fff2a741000 	/System/Library/PrivateFrameworks/AppleSauce.framework/Versions/A/AppleSauce
0x00007fff282db000 	/System/Library/PrivateFrameworks/IOAccelerator.framework/Versions/A/IOAccelerator
0x00007fff6b3ca000 	/System/Library/Frameworks/OpenGL.framework/Versions/A/Libraries/libCoreFSCache.dylib
0x00007fff214c6000 	/System/Library/PrivateFrameworks/LanguageModeling.framework/Versions/A/LanguageModeling
0x00007fff29911000 	/System/Library/PrivateFrameworks/CoreEmoji.framework/Versions/A/CoreEmoji
0x00007fff29079000 	/System/Library/PrivateFrameworks/LinguisticData.framework/Versions/A/LinguisticData
0x00007fff20dbb000 	/System/Library/PrivateFrameworks/Lexicon.framework/Versions/A/Lexicon
0x00007fff2a653000 	/usr/lib/libcmph.dylib
0x00007fff2710b000 	/System/Library/Frameworks/OpenDirectory.framework/Versions/A/Frameworks/CFOpenDirectory.framework/Versions/A/CFOpenDirectory
0x00007fff270fb000 	/System/Library/Frameworks/OpenDirectory.framework/Versions/A/OpenDirectory
0x00007fff2abc1000 	/System/Library/PrivateFrameworks/APFS.framework/Versions/A/APFS
0x00007fff29c36000 	/System/Library/Frameworks/SecurityFoundation.framework/Versions/A/SecurityFoundation
0x00007fff2acca000 	/usr/lib/libutil.dylib
0x00007fff22ad1000 	/System/Library/PrivateFrameworks/CoreServicesStore.framework/Versions/A/CoreServicesStore
0x00007fff29ccd000 	/System/Library/Frameworks/ServiceManagement.framework/Versions/A/ServiceManagement
0x00007fff2acce000 	/usr/lib/libxslt.1.dylib
0x00007fff29cc3000 	/System/Library/PrivateFrameworks/BackgroundTaskManagement.framework/Versions/A/BackgroundTaskManagement
0x00007fff2bcbe000 	/System/Library/Frameworks/ImageIO.framework/Versions/A/Resources/libRadiance.dylib
0x00007fff2bcc8000 	/System/Library/Frameworks/ImageIO.framework/Versions/A/Resources/libJPEG.dylib
0x00007fff2bc15000 	/System/Library/Frameworks/ImageIO.framework/Versions/A/Resources/libPng.dylib
0x00007fff2bc3c000 	/System/Library/Frameworks/ImageIO.framework/Versions/A/Resources/libTIFF.dylib
0x00007fff2bd1d000 	/System/Library/Frameworks/ImageIO.framework/Versions/A/Resources/libGIF.dylib
0x00007fff2b978000 	/System/Library/Frameworks/ImageIO.framework/Versions/A/Resources/libJP2.dylib
0x00007fff2b064000 	/usr/lib/libexpat.1.dylib
0x00007fff2b92e000 	/System/Library/PrivateFrameworks/AppleJPEG.framework/Versions/A/AppleJPEG
0x00007fff28516000 	/System/Library/PrivateFrameworks/FontServices.framework/libFontParser.dylib
0x00007fff261a8000 	/System/Library/PrivateFrameworks/RunningBoardServices.framework/Versions/A/RunningBoardServices
0x00007fff2ba57000 	/System/Library/PrivateFrameworks/WatchdogClient.framework/Versions/A/WatchdogClient
0x00007fff215b3000 	/System/Library/Frameworks/CoreDisplay.framework/Versions/A/CoreDisplay
0x00007fff2842b000 	/System/Library/Frameworks/CoreMedia.framework/Versions/A/CoreMedia
0x00007fff27288000 	/System/Library/Frameworks/CoreVideo.framework/Versions/A/CoreVideo
0x00007fff2ba8f000 	/System/Library/Frameworks/VideoToolbox.framework/Versions/A/VideoToolbox
0x00007fff26126000 	/System/Library/PrivateFrameworks/BaseBoard.framework/Versions/A/BaseBoard
0x00007fff2b1a9000 	/System/Library/PrivateFrameworks/PersistentConnection.framework/Versions/A/PersistentConnection
0x00007fff25eb9000 	/System/Library/PrivateFrameworks/ProtocolBuffer.framework/Versions/A/ProtocolBuffer
0x00007fff2610d000 	/System/Library/PrivateFrameworks/CommonUtilities.framework/Versions/A/CommonUtilities
0x00007fff2b8c3000 	/System/Library/PrivateFrameworks/Bom.framework/Versions/A/Bom
0x00007fff2bcb7000 	/System/Library/PrivateFrameworks/GPUWrangler.framework/Versions/A/GPUWrangler
0x00007fff2bc9a000 	/System/Library/PrivateFrameworks/IOPresentment.framework/Versions/A/IOPresentment
0x00007fff2bcc2000 	/System/Library/PrivateFrameworks/DSExternalDisplay.framework/Versions/A/DSExternalDisplay
0x00007fff2bd22000 	/System/Library/PrivateFrameworks/CMCaptureCore.framework/Versions/A/CMCaptureCore
0x00007fff2b649000 	/System/Library/PrivateFrameworks/AppServerSupport.framework/Versions/A/AppServerSupport
0x00007fff2d6ef000 	/System/Library/PrivateFrameworks/perfdata.framework/Versions/A/perfdata
0x00007fff29c25000 	/System/Library/PrivateFrameworks/AssertionServices.framework/Versions/A/AssertionServices
0x00007fff216ea000 	/System/Library/PrivateFrameworks/AudioToolboxCore.framework/Versions/A/AudioToolboxCore
0x00007fff2840e000 	/System/Library/PrivateFrameworks/caulk.framework/Versions/A/caulk
0x00007fff3c989000 	/System/Library/PrivateFrameworks/SystemPolicy.framework/Versions/A/SystemPolicy
0x00007fff2ae5a000 	/usr/lib/libIOReport.dylib
0x00007fff2cf11000 	/usr/lib/libSMC.dylib
0x00007fff2bbe2000 	/usr/lib/libAudioToolboxUtility.dylib
0x00007fff3d2ee000 	/usr/lib/libmis.dylib
0x00007fff6b426000 	/System/Library/Frameworks/OpenGL.framework/Versions/A/Libraries/libGLU.dylib
0x00007fff6b3e9000 	/System/Library/Frameworks/OpenGL.framework/Versions/A/Libraries/libGFXShared.dylib
0x00007fff6b5f8000 	/System/Library/Frameworks/OpenGL.framework/Versions/A/Libraries/libGL.dylib
0x00007fff6b3f2000 	/System/Library/Frameworks/OpenGL.framework/Versions/A/Libraries/libGLImage.dylib
0x00007fff6b3e6000 	/System/Library/Frameworks/OpenGL.framework/Versions/A/Libraries/libCVMSPluginSupport.dylib
0x00007fff6b3d1000 	/System/Library/Frameworks/OpenGL.framework/Versions/A/Libraries/libCoreVMClient.dylib
0x00007fff6ca39000 	/System/Library/Frameworks/OpenCL.framework/Versions/A/OpenCL
0x00007fff2b1d3000 	/System/Library/PrivateFrameworks/GraphVisualizer.framework/Versions/A/GraphVisualizer
0x00007fff2b1e2000 	/System/Library/PrivateFrameworks/FaceCore.framework/Versions/A/FaceCore
0x00007fff2b5fe000 	/System/Library/PrivateFrameworks/OTSVG.framework/Versions/A/OTSVG
0x00007fff26e7f000 	/System/Library/Frameworks/ApplicationServices.framework/Versions/A/Frameworks/ATS.framework/Versions/A/Resources/libFontRegistry.dylib
0x00007fff2b650000 	/System/Library/PrivateFrameworks/FontServices.framework/libhvf.dylib
0x00007fff2b010000 	/System/Library/PrivateFrameworks/AppleVA.framework/Versions/A/AppleVA
0x00007fff2cd5a000 	/System/Library/Frameworks/ApplicationServices.framework/Versions/A/Frameworks/ATS.framework/Versions/A/ATS
0x00007fff2d06c000 	/System/Library/Frameworks/ApplicationServices.framework/Versions/A/Frameworks/ColorSyncLegacy.framework/Versions/A/ColorSyncLegacy
0x00007fff25694000 	/System/Library/Frameworks/ApplicationServices.framework/Versions/A/Frameworks/HIServices.framework/Versions/A/HIServices
0x00007fff2d051000 	/System/Library/Frameworks/ApplicationServices.framework/Versions/A/Frameworks/LangAnalysis.framework/Versions/A/LangAnalysis
0x00007fff2bd2c000 	/System/Library/Frameworks/ApplicationServices.framework/Versions/A/Frameworks/PrintCore.framework/Versions/A/PrintCore
0x00007fff2d074000 	/System/Library/Frameworks/ApplicationServices.framework/Versions/A/Frameworks/QD.framework/Versions/A/QD
0x00007fff2cd4a000 	/System/Library/Frameworks/ApplicationServices.framework/Versions/A/Frameworks/SpeechSynthesis.framework/Versions/A/SpeechSynthesis
0x00007fff2bced000 	/System/Library/Frameworks/ApplicationServices.framework/Versions/A/Frameworks/ATSUI.framework/Versions/A/ATSUI
0x00007fff2cff1000 	/usr/lib/libcups.2.dylib
0x00007fff2d061000 	/System/Library/PrivateFrameworks/NetAuth.framework/Versions/A/NetAuth
0x00007fff2d70b000 	/System/Library/Frameworks/Kerberos.framework/Versions/A/Kerberos
0x00007fff2d71b000 	/System/Library/Frameworks/GSS.framework/Versions/A/GSS
0x00007fff2cdc6000 	/usr/lib/libresolv.9.dylib
0x00007fff2b665000 	/System/Library/PrivateFrameworks/Heimdal.framework/Versions/A/Heimdal
0x00007fff33482000 	/System/Library/Frameworks/Kerberos.framework/Versions/A/Libraries/libHeimdalProxy.dylib
0x00007fff26279000 	/System/Library/Frameworks/Network.framework/Versions/A/Network
0x00007fff2b07e000 	/usr/lib/libheimdal-asn1.dylib
0x00007fff2d76b000 	/System/Library/PrivateFrameworks/CommonAuth.framework/Versions/A/CommonAuth
0x00007fff272d5000 	/System/Library/PrivateFrameworks/login.framework/Versions/A/Frameworks/loginsupport.framework/Versions/A/loginsupport
0x00007fff2cccf000 	/System/Library/PrivateFrameworks/AudioSession.framework/Versions/A/AudioSession
0x00007fff2cd37000 	/usr/lib/libAudioStatistics.dylib
0x00007fff2b10b000 	/System/Library/PrivateFrameworks/MediaExperience.framework/Versions/A/MediaExperience
0x00007fff2cb6d000 	/System/Library/PrivateFrameworks/AudioSession.framework/libSessionUtility.dylib
0x00007fff2d6fc000 	/usr/lib/libperfcheck.dylib
0x00007fff2d080000 	/System/Library/PrivateFrameworks/AudioResourceArbitration.framework/Versions/A/AudioResourceArbitration
0x00007fff2b088000 	/System/Library/PrivateFrameworks/IconFoundation.framework/Versions/A/IconFoundation
0x00007fff2fb91000 	/System/Library/PrivateFrameworks/SpeechRecognitionCore.framework/Versions/A/SpeechRecognitionCore
0x0000000106902000 	/Library/Frameworks/R.framework/Versions/4.0/Resources/lib/libRblas.dylib
0x0000000106934000 	/Library/Frameworks/R.framework/Versions/4.0/Resources/lib/libgfortran.5.dylib
0x0000000106bed000 	/Library/Frameworks/R.framework/Versions/4.0/Resources/lib/libquadmath.0.dylib
0x00007fff40a3a000 	/usr/lib/libncurses.5.4.dylib
0x0000000106c39000 	/Library/Frameworks/R.framework/Versions/4.0/Resources/lib/libgcc_s.1.dylib
0x0000000108957000 	/Library/Frameworks/R.framework/Versions/4.0/Resources/library/methods/libs/methods.so
0x0000000108968000 	/Library/Frameworks/R.framework/Versions/4.0/Resources/library/utils/libs/utils.so
0x000000010897b000 	/Library/Frameworks/R.framework/Versions/4.0/Resources/library/grDevices/libs/grDevices.so
0x00007fff2b726000 	/System/Library/PrivateFrameworks/login.framework/Versions/A/login
0x00000001089cf000 	/Library/Frameworks/R.framework/Versions/4.0/Resources/library/graphics/libs/graphics.so
0x0000000108a18000 	/Library/Frameworks/R.framework/Versions/4.0/Resources/library/stats/libs/stats.so
0x0000000108adf000 	/Library/Frameworks/R.framework/Versions/4.0/Resources/lib/libRlapack.dylib
0x0000000108d0d000 	/Library/Frameworks/R.framework/Versions/4.0/Resources/library/tools/libs/tools.so
0x0000000108d2b000 	/Library/Frameworks/R.framework/Versions/4.0/Resources/modules/internet.so
0x00007fff32f59000 	/usr/lib/libcurl.4.dylib
0x00007fff32cb9000 	/usr/lib/libcrypto.44.dylib
0x00007fff32dbd000 	/usr/lib/libssl.46.dylib
0x00007fff32c7f000 	/System/Library/Frameworks/LDAP.framework/Versions/A/LDAP
0x00007fff32cb7000 	/System/Library/PrivateFrameworks/TrustEvaluationAgent.framework/Versions/A/TrustEvaluationAgent
0x00007fff2cddf000 	/usr/lib/libsasl2.2.dylib
0x00007fff3022e000 	/System/Library/PrivateFrameworks/CoreDaemon.framework/Versions/B/CoreDaemon
0x00007fff30229000 	/System/Library/PrivateFrameworks/AppleSRP.framework/Versions/A/AppleSRP
0x0000000108e92000 	/Library/Frameworks/R.framework/Versions/4.0/Resources/library/xfun/libs/xfun.so
0x0000000108e9b000 	/Library/Frameworks/R.framework/Versions/4.0/Resources/library/digest/libs/digest.so
0x0000000108ec3000 	/Library/Frameworks/R.framework/Versions/4.0/Resources/library/rlang/libs/rlang.so
0x0000000108eef000 	/Library/Frameworks/R.framework/Versions/4.0/Resources/library/htmltools/libs/htmltools.so
0x0000000108ef3000 	/Library/Frameworks/R.framework/Versions/4.0/Resources/library/yaml/libs/yaml.so
0x0000000108f1f000 	/Library/Internet Plug-Ins/JavaAppletPlugin.plugin/Contents/Home/lib/jli/libjli.dylib
0x00007fff34f33000 	/System/Library/Frameworks/Cocoa.framework/Versions/A/Cocoa
0x000000010b000000 	/Library/Internet Plug-Ins/JavaAppletPlugin.plugin/Contents/Home/lib/server/libjvm.dylib
0x0000000108f32000 	/Library/Frameworks/R.framework/Versions/4.0/Resources/library/rJava/libs/rJava.so
0x0000000108f45000 	/Library/Internet Plug-Ins/JavaAppletPlugin.plugin/Contents/Home/lib/libverify.dylib
0x0000000108f56000 	/Library/Internet Plug-Ins/JavaAppletPlugin.plugin/Contents/Home/lib/libjava.dylib
0x0000000108f92000 	/Library/Internet Plug-Ins/JavaAppletPlugin.plugin/Contents/Home/lib/libzip.dylib
0x0000000108fca000 	/Library/Frameworks/R.framework/Versions/4.0/Resources/library/randomForest/libs/randomForest.so
0x0000000108fdb000 	/Library/Frameworks/R.framework/Versions/4.0/Resources/library/parallel/libs/parallel.so
0x000000010ce58000 	/Library/Frameworks/R.framework/Versions/4.0/Resources/library/grid/libs/grid.so
0x0000000108fe8000 	/Library/Frameworks/R.framework/Versions/4.0/Resources/library/lattice/libs/lattice.so
0x000000010ce86000 	/Library/Frameworks/R.framework/Versions/4.0/Resources/library/Matrix/libs/Matrix.so
0x000000010cf6e000 	/Library/Frameworks/R.framework/Versions/4.0/Resources/library/data.table/libs/datatable.so
0x000000010cfee000 	/Library/Frameworks/R.framework/Versions/4.0/Resources/library/Rcpp/libs/Rcpp.so
0x000000010d086000 	/Library/Frameworks/R.framework/Versions/4.0/Resources/library/stm/libs/stm.so
0x000000010d0c0000 	/Library/Frameworks/R.framework/Versions/4.0/Resources/library/colorspace/libs/colorspace.so
0x0000000108ff2000 	/Library/Frameworks/R.framework/Versions/4.0/Resources/library/glue/libs/glue.so
0x0000000108ff7000 	/Library/Frameworks/R.framework/Versions/4.0/Resources/library/ellipsis/libs/ellipsis.so
0x000000010d0d2000 	/Library/Frameworks/R.framework/Versions/4.0/Resources/library/magrittr/libs/magrittr.so
0x000000011d204000 	/Library/Frameworks/R.framework/Versions/4.0/Resources/library/vctrs/libs/vctrs.so
0x000000010d0d8000 	/Library/Frameworks/R.framework/Versions/4.0/Resources/library/tibble/libs/tibble.so
0x000000010d0de000 	/Library/Frameworks/R.framework/Versions/4.0/Resources/library/purrr/libs/purrr.so
0x000000011d32a000 	/Library/Frameworks/R.framework/Versions/4.0/Resources/library/dplyr/libs/dplyr.so
0x000000011d338000 	/Library/Frameworks/R.framework/Versions/4.0/Resources/library/RcppParallel/lib/libtbb.dylib
0x000000011d37a000 	/Library/Frameworks/R.framework/Versions/4.0/Resources/library/RcppParallel/lib/libtbbmalloc.dylib
0x0000000108ffc000 	/Library/Frameworks/R.framework/Versions/4.0/Resources/library/RcppParallel/libs/RcppParallel.so
0x000000011d3b5000 	/Library/Frameworks/R.framework/Versions/4.0/Resources/library/fastmatch/libs/fastmatch.so
0x000000011d3bd000 	/Library/Frameworks/R.framework/Versions/4.0/Resources/library/fs/libs/fs.so
0x000000011d3f9000 	/Library/Frameworks/R.framework/Versions/4.0/Resources/library/stringi/libs/stringi.so
0x000000011f44b000 	/Library/Frameworks/R.framework/Versions/4.0/Resources/library/quanteda/libs/quanteda.so
0x000000011f769000 	/Library/Frameworks/R.framework/Versions/4.0/Resources/library/tidyr/libs/tidyr.so
0x000000010d0e8000 	/Library/Frameworks/R.framework/Versions/4.0/Resources/library/backports/libs/backports.so
0x000000011f785000 	/Library/Frameworks/R.framework/Versions/4.0/Resources/library/haven/libs/haven.so
0x000000011f80e000 	/Library/Frameworks/R.framework/Versions/4.0/Resources/library/jsonlite/libs/jsonlite.so
0x000000011f821000 	/Library/Frameworks/R.framework/Versions/4.0/Resources/library/lubridate/libs/lubridate.so
0x000000011f865000 	/Library/Frameworks/R.framework/Versions/4.0/Resources/library/readr/libs/readr.so
0x000000011f91e000 	/Library/Frameworks/R.framework/Versions/4.0/Resources/library/readxl/libs/readxl.so
0x000000011f981000 	/Library/Frameworks/R.framework/Versions/4.0/Resources/library/xml2/libs/xml2.so
0x000000011fb2c000 	/Library/Frameworks/R.framework/Versions/4.0/Resources/library/fansi/libs/fansi.so
0x000000011fb3e000 	/Library/Frameworks/R.framework/Versions/4.0/Resources/library/wordcloud/libs/wordcloud.so
0x000000011fb57000 	/Library/Frameworks/R.framework/Versions/4.0/Resources/library/slam/libs/slam.so
0x000000011fb63000 	/Library/Frameworks/R.framework/Versions/4.0/Resources/library/tm/libs/tm.so
0x00007fff2bf25000 	/System/Library/Frameworks/MediaToolbox.framework/Versions/A/MediaToolbox
0x00007fff31069000 	/System/Library/PrivateFrameworks/CoreAVCHD.framework/Versions/A/CoreAVCHD
0x00007fff301fd000 	/System/Library/Frameworks/MediaAccessibility.framework/Versions/A/MediaAccessibility
0x00007fff31065000 	/System/Library/PrivateFrameworks/Mangrove.framework/Versions/A/Mangrove
0x00007fff30209000 	/System/Library/PrivateFrameworks/AlgosScoreFramework.framework/Versions/A/AlgosScoreFramework
0x00007fff31a24000 	/System/Library/PrivateFrameworks/AppleVPA.framework/Versions/A/AppleVPA
0x00007fff30caa000 	/System/Library/PrivateFrameworks/CoreAUC.framework/Versions/A/CoreAUC
0x00007fff40ea2000 	/System/Library/Frameworks/Accelerate.framework/Versions/A/Frameworks/vImage.framework/Versions/A/Libraries/libCGInterfaces.dylib
0x000000011fb93000 	/Library/Frameworks/R.framework/Versions/4.0/Resources/modules/lapack.so
0x000000011fda6000 	/Library/Frameworks/R.framework/Versions/4.0/Resources/library/matrixStats/libs/matrixStats.so
0x000000011fba6000 	/Library/Frameworks/R.framework/Versions/4.0/Resources/library/nlme/libs/nlme.so
0x000000011fbc1000 	/Library/Frameworks/R.framework/Versions/4.0/Resources/library/plyr/libs/plyr.so
0x000000011fbda000 	/Library/Frameworks/R.framework/Versions/4.0/Resources/library/gower/libs/gower.so
0x000000011fff9000 	/Library/Frameworks/R.framework/Versions/4.0/Resources/library/class/libs/class.so
0x0000000120004000 	/Library/Frameworks/R.framework/Versions/4.0/Resources/library/rpart/libs/rpart.so
0x000000012001c000 	/Library/Frameworks/R.framework/Versions/4.0/Resources/library/MASS/libs/MASS.so
0x000000012002a000 	/Library/Frameworks/R.framework/Versions/4.0/Resources/library/splines/libs/splines.so
0x0000000120034000 	/Library/Frameworks/R.framework/Versions/4.0/Resources/library/survival/libs/survival.so
0x0000000120081000 	/Library/Frameworks/R.framework/Versions/4.0/Resources/library/nnet/libs/nnet.so
0x000000012008f000 	/Library/Frameworks/R.framework/Versions/4.0/Resources/library/prodlim/libs/prodlim.so
0x000000011fbe0000 	/Library/Frameworks/R.framework/Versions/4.0/Resources/library/ipred/libs/ipred.so
0x000000012009a000 	/Library/Frameworks/R.framework/Versions/4.0/Resources/library/reshape2/libs/reshape2.so
0x00000001200bb000 	/Library/Frameworks/R.framework/Versions/4.0/Resources/library/ModelMetrics/libs/ModelMetrics.so
0x00000001200f3000 	/Library/Frameworks/R.framework/Versions/4.0/Resources/library/pROC/libs/pROC.so
0x0000000120118000 	/Library/Frameworks/R.framework/Versions/4.0/Resources/library/caret/libs/caret.so
0x000000012011d000 	/Library/Frameworks/R.framework/Versions/4.0/Resources/library/foreign/libs/foreign.so
0x0000000120141000 	/Library/Frameworks/R.framework/Versions/4.0/Resources/library/checkmate/libs/checkmate.so
0x0000000120154000 	/Library/Frameworks/R.framework/Versions/4.0/Resources/library/base64enc/libs/base64enc.so
0x0000000123b01000 	/Library/Frameworks/R.framework/Versions/4.0/Resources/library/magick/libs/magick.so
0x000000012015b000 	/Library/Frameworks/R.framework/Versions/4.0/Resources/library/pander/libs/pander.so
0x000000012017c000 	/Library/Frameworks/R.framework/Versions/4.0/Resources/library/pryr/libs/pryr.so
0x00000001201bb000 	/Library/Frameworks/R.framework/Versions/4.0/Resources/library/tcltk/libs/tcltk.so
0x00000001201ca000 	/usr/local/lib/libtcl8.6.dylib
0x000000012032c000 	/usr/local/lib/libtk8.6.dylib
0x0000000120445000 	/opt/X11/lib/libX11.6.dylib
0x000000012057a000 	/opt/X11/lib/libXss.1.dylib
0x0000000120580000 	/opt/X11/lib/libXext.6.dylib
0x0000000120595000 	/opt/X11/lib/libXft.2.dylib
0x00000001205ad000 	/opt/X11/lib/libfontconfig.1.dylib
0x00000001205f3000 	/opt/X11/lib/libfreetype.6.dylib
0x0000000120697000 	/opt/X11/lib/libXrender.1.dylib
0x00000001206a3000 	/opt/X11/lib/libxcb.1.dylib
0x00000001206d0000 	/opt/X11/lib/libXau.6.dylib
0x00000001206d6000 	/opt/X11/lib/libXdmcp.6.dylib
0x00000001206df000 	/Library/Frameworks/R.framework/Versions/4.0/Resources/modules/R_X11.so
0x0000000120c63000 	/opt/X11/lib/libSM.6.dylib
0x0000000120c6e000 	/opt/X11/lib/libICE.6.dylib
0x0000000120c8b000 	/opt/X11/lib/libXt.6.dylib
0x0000000120ce9000 	/opt/X11/lib/libXmu.6.dylib
0x0000000120d05000 	/Library/Frameworks/R.framework/Versions/4.0/Resources/library/mice/libs/mice.so
0x0000000120d2a000 	/Library/Frameworks/R.framework/Versions/4.0/Resources/library/grf/libs/grf.so
0x00007fff3d2cd000 	/System/Library/PrivateFrameworks/MallocStackLogging.framework/Versions/A/MallocStackLogging

VM Arguments:
jvm_args: -Djava.awt.headless=true -Xmx512m -Xrs vfprintf exit -Xss2m 
java_command: <unknown>
java_class_path (initial): /Library/Frameworks/R.framework/Versions/4.0/Resources/library/rJava/java/boot
Launcher Type: generic

Environment Variables:
PATH=/usr/bin:/bin:/usr/sbin:/sbin:/usr/local/bin:/opt/X11/bin:/Applications/RStudio.app/Contents/MacOS/postback
SHELL=/bin/zsh
DISPLAY=/private/tmp/com.apple.launchd.UUsSQRbX8z/org.macosforge.xquartz:0
DYLD_LIBRARY_PATH=/Library/Internet Plug-Ins/JavaAppletPlugin.plugin/Contents/Home/lib/server
DYLD_FALLBACK_LIBRARY_PATH=/Library/Frameworks/R.framework/Resources/lib:/Users/mac/lib:/usr/local/lib:/usr/lib:::/lib:/Library/Java/JavaVirtualMachines/jdk1.8.0_241.jdk/Contents/Home/jre/lib/server

Signal Handlers:
SIGSEGV: [libjvm.dylib+0x5a1f9b], sa_mask[0]=11111111011111110111111111111111, sa_flags=SA_ONSTACK|SA_RESTART|SA_SIGINFO
SIGBUS: [libjvm.dylib+0x5a1f9b], sa_mask[0]=11111111011111110111111111111111, sa_flags=SA_RESTART|SA_SIGINFO
SIGFPE: [libjvm.dylib+0x492701], sa_mask[0]=11111111011111110111111111111111, sa_flags=SA_RESTART|SA_SIGINFO
SIGPIPE: SIG_IGN, sa_mask[0]=00000000000000000000000000000000, sa_flags=SA_RESTART
SIGXFSZ: [libjvm.dylib+0x492701], sa_mask[0]=11111111011111110111111111111111, sa_flags=SA_RESTART|SA_SIGINFO
SIGILL: [libjvm.dylib+0x492701], sa_mask[0]=11111111011111110111111111111111, sa_flags=SA_RESTART|SA_SIGINFO
SIGUSR1: SIG_IGN, sa_mask[0]=00000000000000000000000000000000, sa_flags=none
SIGUSR2: [libjvm.dylib+0x492ffa], sa_mask[0]=10000000000000000000000000000000, sa_flags=SA_RESTART|SA_SIGINFO
SIGHUP: SIG_DFL, sa_mask[0]=00000000000000000000000000000000, sa_flags=none
SIGINT: [rsession+0x156e20], sa_mask[0]=00000000000000000000000000000000, sa_flags=SA_RESTART
SIGTERM: SIG_DFL, sa_mask[0]=00000000000000000000000000000000, sa_flags=none
SIGQUIT: SIG_DFL, sa_mask[0]=00000000000000000000000000000000, sa_flags=none


---------------  S Y S T E M  ---------------

OS:Bsduname:Darwin 20.1.0 Darwin Kernel Version 20.1.0: Sat Oct 31 00:07:11 PDT 2020; root:xnu-7195.50.7~2/RELEASE_X86_64 x86_64
rlimit: STACK 8192k, CORE 0k, NPROC 1392, NOFILE 10240, AS infinity
load average:4.15 14.85 12.29

CPU:total 4 (initial active 4) (2 cores per cpu, 2 threads per core) family 6 model 142 stepping 9, cmov, cx8, fxsr, mmx, sse, sse2, sse3, ssse3, sse4.1, sse4.2, popcnt, avx, avx2, aes, clmul, erms, rtm, 3dnowpref, lzcnt, ht, tsc, tscinvbit, bmi1, bmi2, adx

Memory: 4k page, physical 8388608k(73484k free)

/proc/meminfo:


vm_info: Java HotSpot(TM) 64-Bit Server VM (25.281-b09) for bsd-amd64 JRE (1.8.0_281-b09), built on Dec  9 2020 12:44:49 by "java_re" with gcc 4.2.1 Compatible Apple LLVM 10.0.0 (clang-1000.11.45.5)

time: Thu Jan 28 16:58:45 2021
timezone: CET
elapsed time: 180855.109426 seconds (2d 2h 14m 15s)

